<< CAP LS
<< NICK Test_nick
<< USER Test_name Test_name irc.oftc.net :Test_real_name
>> :kinetic.oftc.net NOTICE AUTH :*** Looking up your hostname...
>> :kinetic.oftc.net NOTICE AUTH :*** Checking Ident
>> :kinetic.oftc.net NOTICE AUTH :*** Couldn't look up your hostname
>> :kinetic.oftc.net NOTICE AUTH :*** No Ident response
>> :kinetic.oftc.net CAP * LS :multi-prefix
<< CAP REQ :multi-prefix
>> :kinetic.oftc.net CAP Test_nick ACK :multi-prefix
<< CAP END
>> :kinetic.oftc.net NOTICE Test_nick :*** Connected securely via TLSv1.3 TLS_AES_256_GCM_SHA384-256
>> :kinetic.oftc.net 001 Test_nick :Welcome to the OFTC Internet Relay Chat Network Test_nick
<< MODE Test_nick +i
>> :kinetic.oftc.net 002 Test_nick :Your host is kinetic.oftc.net[109.169.7.194/6697], running version hybrid-7.2.2+oftc1.7.3
>> :kinetic.oftc.net 003 Test_nick :This server was created Nov 17 2022 at 21:58:40
>> :kinetic.oftc.net 004 Test_nick kinetic.oftc.net hybrid-7.2.2+oftc1.7.3 CDGPRSabcdfgijklnorsuwxyz bciklmnopstvzeIMRS bkloveI
>> :kinetic.oftc.net 005 Test_nick CALLERID CASEMAPPING=rfc1459 DEAF=D KICKLEN=160 MODES=4 NICKLEN=30 PREFIX=(ov)@+ STATUSMSG=@+ TOPICLEN=391 NETWORK=OFTC MAXLIST=beI:100 MAXTARGETS=1 CHANTYPES=# :are supported by this server
>> :kinetic.oftc.net 005 Test_nick CHANLIMIT=#:250 CHANNELLEN=50 CHANMODES=eIqb,k,l,cimnpstzMRS ELIST=CMNTU SAFELIST AWAYLEN=160 KNOCK EXCEPTS=e INVEX=I :are supported by this server
>> :kinetic.oftc.net 042 Test_nick 8VQAACYW2 :your unique ID
>> :kinetic.oftc.net 251 Test_nick :There are 35 users and 30724 invisible on 19 servers
>> :kinetic.oftc.net 252 Test_nick 19 :IRC Operators online
>> :kinetic.oftc.net 253 Test_nick 1 :unknown connection(s)
>> :kinetic.oftc.net 254 Test_nick 3898 :channels formed
>> :kinetic.oftc.net 255 Test_nick :I have 6668 clients and 1 servers
>> :kinetic.oftc.net 265 Test_nick :Current local users: 6668  Max: 9662
>> :kinetic.oftc.net 266 Test_nick :Current global users: 30759  Max: 32191
>> :kinetic.oftc.net 250 Test_nick :Highest connection count: 9663 (9662 clients) (125237 connections received)
>> :kinetic.oftc.net 375 Test_nick :- kinetic.oftc.net Message of the Day - 
>> :kinetic.oftc.net 372 Test_nick :-   O
>> :kinetic.oftc.net 372 Test_nick :-    \   The Open and Free
>> :kinetic.oftc.net 372 Test_nick :-     O  Technology Community
>> :kinetic.oftc.net 372 Test_nick :-    /|  https://www.oftc.net
>> :kinetic.oftc.net 372 Test_nick :- O-O O
>> :kinetic.oftc.net 372 Test_nick :- 
>> :kinetic.oftc.net 372 Test_nick :- Welcome to the OFTC IRC Network.
>> :kinetic.oftc.net 372 Test_nick :- 
>> :kinetic.oftc.net 372 Test_nick :- The Open and Free Technology Community was founded at the
>> :kinetic.oftc.net 372 Test_nick :- end of 2001 by a group of experienced members of the Open
>> :kinetic.oftc.net 372 Test_nick :- Source and Free Software communities; it is aimed at
>> :kinetic.oftc.net 372 Test_nick :- providing these communities with better communication,
>> :kinetic.oftc.net 372 Test_nick :- development, and support infrastructure. Our goal is to
>> :kinetic.oftc.net 372 Test_nick :- provide stable services to members of the community in any
>> :kinetic.oftc.net 372 Test_nick :- part of the world, while listening closely to their needs
>> :kinetic.oftc.net 372 Test_nick :- and desires.
>> :kinetic.oftc.net 372 Test_nick :- 
>> :kinetic.oftc.net 372 Test_nick :- We are not a general purpose chat platform, but a topical
>> :kinetic.oftc.net 372 Test_nick :- network intent on providing the open source and free
>> :kinetic.oftc.net 372 Test_nick :- software communities a means to cooperate and communicate.
>> :kinetic.oftc.net 372 Test_nick :- As such, illegal and off-topic activity, such as warez
>> :kinetic.oftc.net 372 Test_nick :- trading, will result in being barred from access.
>> :kinetic.oftc.net 372 Test_nick :- 
>> :kinetic.oftc.net 372 Test_nick :- OFTC honors your privacy. To operate the network, we store
>> :kinetic.oftc.net 372 Test_nick :- and process information about IRC connections, nicknames,
>> :kinetic.oftc.net 372 Test_nick :- and channels. Our Privacy Policy explains what we do with
>> :kinetic.oftc.net 372 Test_nick :- that data, and what your rights are. By connecting, you
>> :kinetic.oftc.net 372 Test_nick :- accept these terms: https://www.oftc.net/Privacy_Policy/
>> :kinetic.oftc.net 372 Test_nick :- 
>> :kinetic.oftc.net 372 Test_nick :- If you require assistance with using the OFTC IRC network,
>> :kinetic.oftc.net 372 Test_nick :- stop by in channel #oftc, or email support@oftc.net with
>> :kinetic.oftc.net 372 Test_nick :- details. For help with non-IRC questions please refer to
>> :kinetic.oftc.net 372 Test_nick :- the respective channels and project homepages.
>> :kinetic.oftc.net 372 Test_nick :- 
>> :kinetic.oftc.net 372 Test_nick :- Thanks and enjoy your stay! The OFTC team.
>> :kinetic.oftc.net 376 Test_nick :End of /MOTD command.
>> :Test_nick!~Test_name@185.25.195.181 MODE Test_nick :+i
>> :CTCPServ!services@services.oftc.net PRIVMSG Test_nick :VERSION
<< NOTICE CTCPServ :VERSION irssi v1.2.3 - running on Darwin x86_64
<< JOIN #lebaba
>> :Test_nick!~Test_name@185.25.195.181 JOIN :#lebaba
>> :kinetic.oftc.net 353 Test_nick = #lebaba :Test_nick @rmamison
>> :kinetic.oftc.net 366 Test_nick #lebaba :End of /NAMES list.
<< MODE #lebaba
>> :kinetic.oftc.net 324 Test_nick #lebaba +nt 
--> chanquery mode
<< WHO #lebaba
>> :kinetic.oftc.net 329 Test_nick #lebaba 1683010347
--> event 329
>> :kinetic.oftc.net 352 Test_nick #lebaba ~Test_name 185.25.195.181 kinetic.oftc.net Test_nick H :0 Test_real_name
--> silent event who
>> :kinetic.oftc.net 352 Test_nick #lebaba ~rmamison 185.25.195.181 coulomb.oftc.net rmamison H@ :2 Raphael Mamison
--> silent event who
>> :kinetic.oftc.net 315 Test_nick #lebaba :End of /WHO list.
--> chanquery who end
<< MODE #lebaba b
>> :kinetic.oftc.net 368 Test_nick #lebaba :End of Channel Ban List
--> chanquery ban end
<< PING kinetic.oftc.net
>> :kinetic.oftc.net PONG kinetic.oftc.net :kinetic.oftc.net
--> lag pong
<< PING kinetic.oftc.net
>> :kinetic.oftc.net PONG kinetic.oftc.net :kinetic.oftc.net
--> lag pong
>> :rmamison!~rmamison@185.25.195.181 KICK #lebaba Test_nick :Test_nick
<< PING kinetic.oftc.net
>> :kinetic.oftc.net PONG kinetic.oftc.net :kinetic.oftc.net
--> lag pong
<< PING kinetic.oftc.net
>> :kinetic.oftc.net PONG kinetic.oftc.net :kinetic.oftc.net
--> lag pong
<< PING kinetic.oftc.net
>> :kinetic.oftc.net PONG kinetic.oftc.net :kinetic.oftc.net
--> lag pong
<< PING kinetic.oftc.net
>> :kinetic.oftc.net PONG kinetic.oftc.net :kinetic.oftc.net
--> lag pong
<< PING kinetic.oftc.net
>> :kinetic.oftc.net PONG kinetic.oftc.net :kinetic.oftc.net
--> lag pong
<< PING kinetic.oftc.net
>> :kinetic.oftc.net PONG kinetic.oftc.net :kinetic.oftc.net
--> lag pong
<< PING kinetic.oftc.net
>> :kinetic.oftc.net PONG kinetic.oftc.net :kinetic.oftc.net
--> lag pong
<< PING kinetic.oftc.net
>> :kinetic.oftc.net PONG kinetic.oftc.net :kinetic.oftc.net
--> lag pong
<< PING kinetic.oftc.net
>> :kinetic.oftc.net PONG kinetic.oftc.net :kinetic.oftc.net
--> lag pong
<< PING kinetic.oftc.net
>> :kinetic.oftc.net PONG kinetic.oftc.net :kinetic.oftc.net
--> lag pong
<< PING kinetic.oftc.net
>> :kinetic.oftc.net PONG kinetic.oftc.net :kinetic.oftc.net
--> lag pong
<< PING kinetic.oftc.net
>> :kinetic.oftc.net PONG kinetic.oftc.net :kinetic.oftc.net
--> lag pong
<< PING kinetic.oftc.net
>> :kinetic.oftc.net PONG kinetic.oftc.net :kinetic.oftc.net
--> lag pong
<< PING kinetic.oftc.net
>> :kinetic.oftc.net PONG kinetic.oftc.net :kinetic.oftc.net
--> lag pong
<< PING kinetic.oftc.net
>> :kinetic.oftc.net PONG kinetic.oftc.net :kinetic.oftc.net
--> lag pong
<< JOIN #balita
>> :Test_nick!~Test_name@185.25.195.181 JOIN :#balita
>> :kinetic.oftc.net MODE #balita +nt
>> :kinetic.oftc.net 353 Test_nick = #balita :@Test_nick
>> :kinetic.oftc.net 366 Test_nick #balita :End of /NAMES list.
<< MODE #balita
>> :kinetic.oftc.net 324 Test_nick #balita +nt 
--> chanquery mode
<< WHO #balita
>> :kinetic.oftc.net 329 Test_nick #balita 1683011358
--> event 329
>> :kinetic.oftc.net 352 Test_nick #balita ~Test_name 185.25.195.181 kinetic.oftc.net Test_nick H@ :0 Test_real_name
--> silent event who
>> :kinetic.oftc.net 315 Test_nick #balita :End of /WHO list.
--> chanquery who end
<< MODE #balita b
>> :kinetic.oftc.net 368 Test_nick #balita :End of Channel Ban List
--> chanquery ban end
>> :rmamison!~rmamison@185.25.195.181 JOIN :#balita
<< PING kinetic.oftc.net
>> :kinetic.oftc.net PONG kinetic.oftc.net :kinetic.oftc.net
--> lag pong
<< PING kinetic.oftc.net
>> :kinetic.oftc.net PONG kinetic.oftc.net :kinetic.oftc.net
--> lag pong
<< PING kinetic.oftc.net
>> :kinetic.oftc.net PONG kinetic.oftc.net :kinetic.oftc.net
--> lag pong
>> :rmamison!~rmamison@185.25.195.181 QUIT :Quit: leaving
<< PING kinetic.oftc.net
>> :kinetic.oftc.net PONG kinetic.oftc.net :kinetic.oftc.net
--> lag pong
>> :rmamison!~rmamison@185.25.195.181 JOIN :#balita
<< PART #balita
>> :Test_nick!~Test_name@185.25.195.181 PART #balita
<< JOIN #balita
>> :Test_nick!~Test_name@185.25.195.181 JOIN :#balita
>> :kinetic.oftc.net 353 Test_nick = #balita :Test_nick rmamison
>> :kinetic.oftc.net 366 Test_nick #balita :End of /NAMES list.
<< MODE #balita
>> :kinetic.oftc.net 324 Test_nick #balita +nt 
--> chanquery mode
<< WHO #balita
>> :kinetic.oftc.net 329 Test_nick #balita 1683011358
--> event 329
>> :kinetic.oftc.net 352 Test_nick #balita ~Test_name 185.25.195.181 kinetic.oftc.net Test_nick H :0 Test_real_name
--> silent event who
>> :kinetic.oftc.net 352 Test_nick #balita ~rmamison 185.25.195.181 helix.oftc.net rmamison H :3 Raphael Mamison
--> silent event who
>> :kinetic.oftc.net 315 Test_nick #balita :End of /WHO list.
--> chanquery who end
<< MODE #balita b
>> :kinetic.oftc.net 368 Test_nick #balita :End of Channel Ban List
--> chanquery ban end
<< KICK #balita bema :
>> :kinetic.oftc.net 482 Test_nick #balita :You're not channel operator
<< PING kinetic.oftc.net
>> :kinetic.oftc.net PONG kinetic.oftc.net :kinetic.oftc.net
--> lag pong
<< PING kinetic.oftc.net
>> :kinetic.oftc.net PONG kinetic.oftc.net :kinetic.oftc.net
--> lag pong
<< PING kinetic.oftc.net
>> :kinetic.oftc.net PONG kinetic.oftc.net :kinetic.oftc.net
--> lag pong
<< PING kinetic.oftc.net
>> :kinetic.oftc.net PONG kinetic.oftc.net :kinetic.oftc.net
--> lag pong
<< PING kinetic.oftc.net
>> :kinetic.oftc.net PONG kinetic.oftc.net :kinetic.oftc.net
--> lag pong
<< PING kinetic.oftc.net
>> :kinetic.oftc.net PONG kinetic.oftc.net :kinetic.oftc.net
--> lag pong
<< PING kinetic.oftc.net
>> :kinetic.oftc.net PONG kinetic.oftc.net :kinetic.oftc.net
--> lag pong
<< PING kinetic.oftc.net
>> :kinetic.oftc.net PONG kinetic.oftc.net :kinetic.oftc.net
--> lag pong
<< PING kinetic.oftc.net
>> :kinetic.oftc.net PONG kinetic.oftc.net :kinetic.oftc.net
--> lag pong
<< PING kinetic.oftc.net
>> :kinetic.oftc.net PONG kinetic.oftc.net :kinetic.oftc.net
--> lag pong
<< PING kinetic.oftc.net
>> :kinetic.oftc.net PONG kinetic.oftc.net :kinetic.oftc.net
--> lag pong
<< PING kinetic.oftc.net
>> :kinetic.oftc.net PONG kinetic.oftc.net :kinetic.oftc.net
--> lag pong
<< PING kinetic.oftc.net
>> :kinetic.oftc.net PONG kinetic.oftc.net :kinetic.oftc.net
--> lag pong
<< PING kinetic.oftc.net
>> :kinetic.oftc.net PONG kinetic.oftc.net :kinetic.oftc.net
--> lag pong
<< PING kinetic.oftc.net
>> :kinetic.oftc.net PONG kinetic.oftc.net :kinetic.oftc.net
--> lag pong
<< PING kinetic.oftc.net
>> :kinetic.oftc.net PONG kinetic.oftc.net :kinetic.oftc.net
--> lag pong
<< PING kinetic.oftc.net
>> :kinetic.oftc.net PONG kinetic.oftc.net :kinetic.oftc.net
--> lag pong
<< PING kinetic.oftc.net
>> :kinetic.oftc.net PONG kinetic.oftc.net :kinetic.oftc.net
--> lag pong
<< PING kinetic.oftc.net
>> :kinetic.oftc.net PONG kinetic.oftc.net :kinetic.oftc.net
--> lag pong
<< PING kinetic.oftc.net
>> :kinetic.oftc.net PONG kinetic.oftc.net :kinetic.oftc.net
--> lag pong
<< PING kinetic.oftc.net
>> :kinetic.oftc.net PONG kinetic.oftc.net :kinetic.oftc.net
--> lag pong
<< PING kinetic.oftc.net
>> :kinetic.oftc.net PONG kinetic.oftc.net :kinetic.oftc.net
--> lag pong
<< PING kinetic.oftc.net
>> :kinetic.oftc.net PONG kinetic.oftc.net :kinetic.oftc.net
--> lag pong
<< PING kinetic.oftc.net
>> :kinetic.oftc.net PONG kinetic.oftc.net :kinetic.oftc.net
--> lag pong
<< PING kinetic.oftc.net
>> :kinetic.oftc.net PONG kinetic.oftc.net :kinetic.oftc.net
--> lag pong
<< PING kinetic.oftc.net
>> :kinetic.oftc.net PONG kinetic.oftc.net :kinetic.oftc.net
--> lag pong
<< PING kinetic.oftc.net
>> :kinetic.oftc.net PONG kinetic.oftc.net :kinetic.oftc.net
--> lag pong
<< PING kinetic.oftc.net
>> :kinetic.oftc.net PONG kinetic.oftc.net :kinetic.oftc.net
--> lag pong
>> :rmamison!~rmamison@185.25.195.181 QUIT :Quit: leaving
<< QUIT :leaving
