<< CAP LS
<< NICK rmamison
<< USER rmamison rmamison irc.oftc.net :Raphael Mamison
>> :kinetic.oftc.net NOTICE AUTH :*** Looking up your hostname...
>> :kinetic.oftc.net NOTICE AUTH :*** Checking Ident
>> :kinetic.oftc.net NOTICE AUTH :*** Couldn't look up your hostname
>> :kinetic.oftc.net NOTICE AUTH :*** No Ident response
>> :kinetic.oftc.net CAP * LS :multi-prefix
<< CAP REQ :multi-prefix
>> :kinetic.oftc.net CAP rmamison ACK :multi-prefix
<< CAP END
>> :kinetic.oftc.net NOTICE rmamison :*** Connected securely via TLSv1.3 TLS_AES_256_GCM_SHA384-256
>> :kinetic.oftc.net 001 rmamison :Welcome to the OFTC Internet Relay Chat Network rmamison
<< MODE rmamison +i
>> :kinetic.oftc.net 002 rmamison :Your host is kinetic.oftc.net[109.169.7.194/6697], running version hybrid-7.2.2+oftc1.7.3
>> :kinetic.oftc.net 003 rmamison :This server was created Nov 17 2022 at 21:58:40
>> :kinetic.oftc.net 004 rmamison kinetic.oftc.net hybrid-7.2.2+oftc1.7.3 CDGPRSabcdfgijklnorsuwxyz bciklmnopstvzeIMRS bkloveI
>> :kinetic.oftc.net 005 rmamison CALLERID CASEMAPPING=rfc1459 DEAF=D KICKLEN=160 MODES=4 NICKLEN=30 PREFIX=(ov)@+ STATUSMSG=@+ TOPICLEN=391 NETWORK=OFTC MAXLIST=beI:100 MAXTARGETS=1 CHANTYPES=# :are supported by this server
>> :kinetic.oftc.net 005 rmamison CHANLIMIT=#:250 CHANNELLEN=50 CHANMODES=eIqb,k,l,cimnpstzMRS ELIST=CMNTU SAFELIST AWAYLEN=160 KNOCK EXCEPTS=e INVEX=I :are supported by this server
>> :kinetic.oftc.net 042 rmamison 8VQAACYZ4 :your unique ID
>> :kinetic.oftc.net 251 rmamison :There are 38 users and 30851 invisible on 19 servers
>> :kinetic.oftc.net 252 rmamison 19 :IRC Operators online
>> :kinetic.oftc.net 254 rmamison 3905 :channels formed
>> :kinetic.oftc.net 255 rmamison :I have 6692 clients and 1 servers
>> :kinetic.oftc.net 265 rmamison :Current local users: 6692  Max: 9662
>> :kinetic.oftc.net 266 rmamison :Current global users: 30889  Max: 32191
>> :kinetic.oftc.net 250 rmamison :Highest connection count: 9663 (9662 clients) (125347 connections received)
>> :kinetic.oftc.net 375 rmamison :- kinetic.oftc.net Message of the Day - 
>> :kinetic.oftc.net 372 rmamison :-   O
>> :kinetic.oftc.net 372 rmamison :-    \   The Open and Free
>> :kinetic.oftc.net 372 rmamison :-     O  Technology Community
>> :kinetic.oftc.net 372 rmamison :-    /|  https://www.oftc.net
>> :kinetic.oftc.net 372 rmamison :- O-O O
>> :kinetic.oftc.net 372 rmamison :- 
>> :kinetic.oftc.net 372 rmamison :- Welcome to the OFTC IRC Network.
>> :kinetic.oftc.net 372 rmamison :- 
>> :kinetic.oftc.net 372 rmamison :- The Open and Free Technology Community was founded at the
>> :kinetic.oftc.net 372 rmamison :- end of 2001 by a group of experienced members of the Open
>> :kinetic.oftc.net 372 rmamison :- Source and Free Software communities; it is aimed at
>> :kinetic.oftc.net 372 rmamison :- providing these communities with better communication,
>> :kinetic.oftc.net 372 rmamison :- development, and support infrastructure. Our goal is to
>> :kinetic.oftc.net 372 rmamison :- provide stable services to members of the community in any
>> :kinetic.oftc.net 372 rmamison :- part of the world, while listening closely to their needs
>> :kinetic.oftc.net 372 rmamison :- and desires.
>> :kinetic.oftc.net 372 rmamison :- 
>> :kinetic.oftc.net 372 rmamison :- We are not a general purpose chat platform, but a topical
>> :kinetic.oftc.net 372 rmamison :- network intent on providing the open source and free
>> :kinetic.oftc.net 372 rmamison :- software communities a means to cooperate and communicate.
>> :kinetic.oftc.net 372 rmamison :- As such, illegal and off-topic activity, such as warez
>> :kinetic.oftc.net 372 rmamison :- trading, will result in being barred from access.
>> :kinetic.oftc.net 372 rmamison :- 
>> :kinetic.oftc.net 372 rmamison :- OFTC honors your privacy. To operate the network, we store
>> :kinetic.oftc.net 372 rmamison :- and process information about IRC connections, nicknames,
>> :kinetic.oftc.net 372 rmamison :- and channels. Our Privacy Policy explains what we do with
>> :kinetic.oftc.net 372 rmamison :- that data, and what your rights are. By connecting, you
>> :kinetic.oftc.net 372 rmamison :- accept these terms: https://www.oftc.net/Privacy_Policy/
>> :kinetic.oftc.net 372 rmamison :- 
>> :kinetic.oftc.net 372 rmamison :- If you require assistance with using the OFTC IRC network,
>> :kinetic.oftc.net 372 rmamison :- stop by in channel #oftc, or email support@oftc.net with
>> :kinetic.oftc.net 372 rmamison :- details. For help with non-IRC questions please refer to
>> :kinetic.oftc.net 372 rmamison :- the respective channels and project homepages.
>> :kinetic.oftc.net 372 rmamison :- 
>> :kinetic.oftc.net 372 rmamison :- Thanks and enjoy your stay! The OFTC team.
>> :kinetic.oftc.net 376 rmamison :End of /MOTD command.
>> :rmamison!~rmamison@185.25.195.181 MODE rmamison :+i
>> :CTCPServ!services@services.oftc.net PRIVMSG rmamison :VERSION
<< NOTICE CTCPServ :VERSION irssi v1.2.3 - running on Darwin x86_64
<< PING kinetic.oftc.net
>> :kinetic.oftc.net PONG kinetic.oftc.net :kinetic.oftc.net
--> lag pong
<< JOIN #bemala
>> :rmamison!~rmamison@185.25.195.181 JOIN :#bemala
>> :kinetic.oftc.net MODE #bemala +nt
>> :kinetic.oftc.net 353 rmamison = #bemala :@rmamison
>> :kinetic.oftc.net 366 rmamison #bemala :End of /NAMES list.
<< MODE #bemala
>> :kinetic.oftc.net 324 rmamison #bemala +nt 
--> chanquery mode
<< WHO #bemala
>> :kinetic.oftc.net 329 rmamison #bemala 1683018039
--> event 329
>> :kinetic.oftc.net 352 rmamison #bemala ~rmamison 185.25.195.181 kinetic.oftc.net rmamison H@ :0 Raphael Mamison
--> silent event who
>> :kinetic.oftc.net 315 rmamison #bemala :End of /WHO list.
--> chanquery who end
<< MODE #bemala b
>> :kinetic.oftc.net 368 rmamison #bemala :End of Channel Ban List
--> chanquery ban end
>> :Test_nick!~Test_name@185.25.195.181 JOIN :#bemala
<< PING kinetic.oftc.net
>> :kinetic.oftc.net PONG kinetic.oftc.net :kinetic.oftc.net
--> lag pong
<< PING kinetic.oftc.net
>> :kinetic.oftc.net PONG kinetic.oftc.net :kinetic.oftc.net
--> lag pong
<< MODE #bemala +o Test_nick
>> :rmamison!~rmamison@185.25.195.181 MODE #bemala +o Test_nick
<< PING kinetic.oftc.net
>> :kinetic.oftc.net PONG kinetic.oftc.net :kinetic.oftc.net
--> lag pong
<< PING kinetic.oftc.net
>> :kinetic.oftc.net PONG kinetic.oftc.net :kinetic.oftc.net
--> lag pong
<< PING kinetic.oftc.net
>> :kinetic.oftc.net PONG kinetic.oftc.net :kinetic.oftc.net
--> lag pong
<< PING kinetic.oftc.net
>> :kinetic.oftc.net PONG kinetic.oftc.net :kinetic.oftc.net
--> lag pong
<< PING kinetic.oftc.net
>> :kinetic.oftc.net PONG kinetic.oftc.net :kinetic.oftc.net
--> lag pong
<< PING kinetic.oftc.net
>> :kinetic.oftc.net PONG kinetic.oftc.net :kinetic.oftc.net
--> lag pong
<< MODE #bemala +iTest_nick
>> :kinetic.oftc.net 472 rmamison T :is unknown mode char to me
>> :kinetic.oftc.net 349 rmamison #bemala :End of Channel Exception List
>> :rmamison!~rmamison@185.25.195.181 MODE #bemala +istnc 
<< PING kinetic.oftc.net
>> :kinetic.oftc.net PONG kinetic.oftc.net :kinetic.oftc.net
--> lag pong
<< MODE #bemala -o Test_nick
>> :rmamison!~rmamison@185.25.195.181 MODE #bemala -o Test_nick
<< PING kinetic.oftc.net
>> :kinetic.oftc.net PONG kinetic.oftc.net :kinetic.oftc.net
--> lag pong
<< PING kinetic.oftc.net
>> :kinetic.oftc.net PONG kinetic.oftc.net :kinetic.oftc.net
--> lag pong
<< PING kinetic.oftc.net
>> :kinetic.oftc.net PONG kinetic.oftc.net :kinetic.oftc.net
--> lag pong
<< PING kinetic.oftc.net
>> :kinetic.oftc.net PONG kinetic.oftc.net :kinetic.oftc.net
--> lag pong
<< QUIT :leaving
